<?xml version="1.0" encoding="UTF-8"?>
<testsuite xmlns:xsi="http://www.w3.org/2001/XMLSchema-instance" xsi:noNamespaceSchemaLocation="https://maven.apache.org/surefire/maven-surefire-plugin/xsd/surefire-test-report.xsd" version="3.0.2" name="co.edu.unbosque.proyectomodulo.ConductorServiceTest" time="19.111" tests="14" errors="0" skipped="0" failures="0">
  <properties>
[...]
</properties>
  <testcase name="testUpdateByIdExitoso" classname="co.edu.unbosque.proyectomodulo.ConductorServiceTest" time="2.086">
    <system-out><![CDATA[2026-04-27T22:17:18.091-05:00  INFO 20504 --- [Mi Primer Spring] [           main] t.c.s.AnnotationConfigContextLoaderUtils : Could not detect default configuration classes for test class [co.edu.unbosque.proyectomodulo.ConductorServiceTest]: ConductorServiceTest does not declare any static, non-private, non-final, nested classes annotated with @Configuration.
2026-04-27T22:17:18.093-05:00  INFO 20504 --- [Mi Primer Spring] [           main] .b.t.c.SpringBootTestContextBootstrapper : Found @SpringBootConfiguration co.edu.unbosque.proyectomodulo.Application for test class co.edu.unbosque.proyectomodulo.ConductorServiceTest
]]></system-out>
  </testcase>
  <testcase name="testCreateExitoso" classname="co.edu.unbosque.proyectomodulo.ConductorServiceTest" time="1.347"/>
  <testcase name="testGetAllSinAdmin" classname="co.edu.unbosque.proyectomodulo.ConductorServiceTest" time="0.594"/>
  <testcase name="testCount" classname="co.edu.unbosque.proyectomodulo.ConductorServiceTest" time="1.715"/>
  <testcase name="testLoginExitoso" classname="co.edu.unbosque.proyectomodulo.ConductorServiceTest" time="1.492"/>
  <testcase name="testCreateUsuarioDuplicado" classname="co.edu.unbosque.proyectomodulo.ConductorServiceTest" time="1.52"/>
  <testcase name="testLoginFallido" classname="co.edu.unbosque.proyectomodulo.ConductorServiceTest" time="1.534"/>
  <testcase name="testCreateSinAdmin" classname="co.edu.unbosque.proyectomodulo.ConductorServiceTest" time="0.751"/>
  <testcase name="testUpdateByIdUsuarioDuplicado" classname="co.edu.unbosque.proyectomodulo.ConductorServiceTest" time="2.115"/>
  <testcase name="testCreateTipoVehiculoInvalido" classname="co.edu.unbosque.proyectomodulo.ConductorServiceTest" time="1.136"/>
  <testcase name="testDeleteByIdInexistente" classname="co.edu.unbosque.proyectomodulo.ConductorServiceTest" time="1.164"/>
  <testcase name="testDeleteByIdSinAdmin" classname="co.edu.unbosque.proyectomodulo.ConductorServiceTest" time="0.563"/>
  <testcase name="testLogout" classname="co.edu.unbosque.proyectomodulo.ConductorServiceTest" time="1.544"/>
  <testcase name="testGetAllConAdmin" classname="co.edu.unbosque.proyectomodulo.ConductorServiceTest" time="1.526"/>
</testsuite>