<?xml version="1.0" encoding="UTF-8"?>
<testsuite xmlns:xsi="http://www.w3.org/2001/XMLSchema-instance" xsi:noNamespaceSchemaLocation="https://maven.apache.org/surefire/maven-surefire-plugin/xsd/surefire-test-report.xsd" version="3.0.2" name="co.edu.unbosque.proyectomodulo.AdminServiceTest" time="20.678" tests="10" errors="0" skipped="0" failures="0">
  <properties>
[...]
</properties>
  <testcase name="testLoginContraseniaIncorrecta" classname="co.edu.unbosque.proyectomodulo.AdminServiceTest" time="2.161">
    <system-out><![CDATA[22:16:42.040 [main] INFO org.springframework.test.context.support.AnnotationConfigContextLoaderUtils -- Could not detect default configuration classes for test class [co.edu.unbosque.proyectomodulo.AdminServiceTest]: AdminServiceTest does not declare any static, non-private, non-final, nested classes annotated with @Configuration.
22:16:42.200 [main] INFO org.springframework.boot.test.context.SpringBootTestContextBootstrapper -- Found @SpringBootConfiguration co.edu.unbosque.proyectomodulo.Application for test class co.edu.unbosque.proyectomodulo.AdminServiceTest
22:16:42.428 [main] INFO org.springframework.boot.devtools.restart.RestartApplicationListener -- Restart disabled due to context in which it is running

  .   ____          _            __ _ _
 /\\ / ___'_ __ _ _(_)_ __  __ _ \ \ \ \
( ( )\___ | '_ | '_| | '_ \/ _` | \ \ \ \
 \\/  ___)| |_)| | | | | || (_| |  ) ) ) )
  '  |____| .__|_| |_|_| |_\__, | / / / /
 =========|_|==============|___/=/_/_/_/

 :: Spring Boot ::                (v4.0.3)

2026-04-27T22:16:42.770-05:00  INFO 20504 --- [Mi Primer Spring] [           main] c.e.u.proyectomodulo.AdminServiceTest    : Starting AdminServiceTest using Java 23.0.2 with PID 20504 (started by migue in C:\Users\migue\Desktop\USB\Github\Deliveries_Project\proyectomodulo)
2026-04-27T22:16:42.772-05:00  INFO 20504 --- [Mi Primer Spring] [           main] c.e.u.proyectomodulo.AdminServiceTest    : No active profile set, falling back to 1 default profile: "default"
2026-04-27T22:16:43.839-05:00  INFO 20504 --- [Mi Primer Spring] [           main] .s.d.r.c.RepositoryConfigurationDelegate : Bootstrapping Spring Data JPA repositories in DEFAULT mode.
2026-04-27T22:16:43.916-05:00  INFO 20504 --- [Mi Primer Spring] [           main] .s.d.r.c.RepositoryConfigurationDelegate : Finished Spring Data repository scanning in 64 ms. Found 5 JPA repository interfaces.
2026-04-27T22:16:44.618-05:00  INFO 20504 --- [Mi Primer Spring] [           main] org.hibernate.orm.jpa                    : HHH008540: Processing PersistenceUnitInfo [name: default]
2026-04-27T22:16:44.718-05:00  INFO 20504 --- [Mi Primer Spring] [           main] org.hibernate.orm.core                   : HHH000001: Hibernate ORM core version 7.2.4.Final
2026-04-27T22:16:45.446-05:00  INFO 20504 --- [Mi Primer Spring] [           main] o.s.o.j.p.SpringPersistenceUnitInfo      : No LoadTimeWeaver setup: ignoring JPA class transformer
2026-04-27T22:16:45.483-05:00  INFO 20504 --- [Mi Primer Spring] [           main] com.zaxxer.hikari.HikariDataSource       : HikariPool-1 - Starting...
2026-04-27T22:16:47.814-05:00  INFO 20504 --- [Mi Primer Spring] [           main] com.zaxxer.hikari.pool.HikariPool        : HikariPool-1 - Added connection com.mysql.cj.jdbc.ConnectionImpl@2dbb8da0
2026-04-27T22:16:47.816-05:00  INFO 20504 --- [Mi Primer Spring] [           main] com.zaxxer.hikari.HikariDataSource       : HikariPool-1 - Start completed.
2026-04-27T22:16:48.485-05:00  INFO 20504 --- [Mi Primer Spring] [           main] org.hibernate.orm.connections.pooling    : HHH10001005: Database info:
	Database JDBC URL [jdbc:mysql://5.tcp.ngrok.io:29865/base6]
	Database driver: MySQL Connector/J
	Database dialect: MySQLDialect
	Database version: 8.4.5
	Default catalog/schema: base6/undefined
	Autocommit mode: undefined/unknown
	Isolation level: REPEATABLE_READ [default REPEATABLE_READ]
	JDBC fetch size: none
	Pool: DataSourceConnectionProvider
	Minimum pool size: undefined/unknown
	Maximum pool size: undefined/unknown
2026-04-27T22:16:49.455-05:00  INFO 20504 --- [Mi Primer Spring] [           main] org.hibernate.orm.core                   : HHH000489: No JTA platform available (set 'hibernate.transaction.jta.platform' to enable JTA platform integration)
2026-04-27T22:16:50.331-05:00  INFO 20504 --- [Mi Primer Spring] [           main] j.LocalContainerEntityManagerFactoryBean : Initialized JPA EntityManagerFactory for persistence unit 'default'
2026-04-27T22:16:50.477-05:00  INFO 20504 --- [Mi Primer Spring] [           main] o.s.d.j.r.query.QueryEnhancerFactories   : Hibernate is in classpath; If applicable, HQL parser will be used.
2026-04-27T22:16:51.072-05:00  WARN 20504 --- [Mi Primer Spring] [           main] JpaBaseConfiguration$JpaWebConfiguration : spring.jpa.open-in-view is enabled by default. Therefore, database queries may be performed during view rendering. Explicitly configure spring.jpa.open-in-view to disable this warning
2026-04-27T22:16:51.123-05:00  INFO 20504 --- [Mi Primer Spring] [           main] o.s.v.b.OptionalValidatorFactoryBean     : Failed to set up a Bean Validation provider: jakarta.validation.NoProviderFoundException: Unable to create a Configuration, because no Jakarta Validation provider could be found. Add a provider like Hibernate Validator (RI) to your classpath.
2026-04-27T22:16:51.864-05:00  INFO 20504 --- [Mi Primer Spring] [           main] c.e.u.proyectomodulo.AdminServiceTest    : Started AdminServiceTest in 9.456 seconds (process running for 11.17)
]]></system-out>
    <system-err><![CDATA[Mockito is currently self-attaching to enable the inline-mock-maker. This will no longer work in future releases of the JDK. Please add Mockito as an agent to your build as described in Mockito's documentation: https://javadoc.io/doc/org.mockito/mockito-core/latest/org.mockito/org/mockito/Mockito.html#0.3
WARNING: A Java agent has been loaded dynamically (C:\Users\migue\.m2\repository\net\bytebuddy\byte-buddy-agent\1.17.8\byte-buddy-agent-1.17.8.jar)
WARNING: If a serviceability tool is in use, please run with -XX:+EnableDynamicAgentLoading to hide this warning
WARNING: If a serviceability tool is not in use, please run with -Djdk.instrument.traceUsage for more information
WARNING: Dynamic loading of agents will be disallowed by default in a future release
]]></system-err>
  </testcase>
  <testcase name="testCount" classname="co.edu.unbosque.proyectomodulo.AdminServiceTest" time="1.201"/>
  <testcase name="testExist" classname="co.edu.unbosque.proyectomodulo.AdminServiceTest" time="0.765"/>
  <testcase name="testLoginExitoso" classname="co.edu.unbosque.proyectomodulo.AdminServiceTest" time="0.975"/>
  <testcase name="testUpdateSinLogin" classname="co.edu.unbosque.proyectomodulo.AdminServiceTest" time="0.561"/>
  <testcase name="testCreate" classname="co.edu.unbosque.proyectomodulo.AdminServiceTest" time="0.757"/>
  <testcase name="testDeleteSinLogin" classname="co.edu.unbosque.proyectomodulo.AdminServiceTest" time="0.602"/>
  <testcase name="testLogout" classname="co.edu.unbosque.proyectomodulo.AdminServiceTest" time="0.939"/>
  <testcase name="testDeleteConIdInexistente" classname="co.edu.unbosque.proyectomodulo.AdminServiceTest" time="1.169"/>
  <testcase name="testUpdateConIdInexistente" classname="co.edu.unbosque.proyectomodulo.AdminServiceTest" time="1.351"/>
</testsuite>